<?xml version="1.0" encoding="UTF-8"?>
<testsuite xmlns:xsi="http://www.w3.org/2001/XMLSchema-instance" xsi:noNamespaceSchemaLocation="https://maven.apache.org/surefire/maven-surefire-plugin/xsd/surefire-test-report.xsd" name="com.weibo.medialib.AppTest" time="0.021" tests="1" errors="0" skipped="0" failures="0">
  <properties>
    <property name="gopherProxySet" value="false"/>
    <property name="awt.toolkit" value="sun.lwawt.macosx.LWCToolkit"/>
    <property name="file.encoding.pkg" value="sun.io"/>
    <property name="java.specification.version" value="1.8"/>
    <property name="sun.cpu.isalist" value=""/>
    <property name="sun.jnu.encoding" value="UTF-8"/>
    <property name="java.class.path" value="/Users/xiaocan/Desktop/gitRepo/sandbox-demo/target/test-classes:/Users/xiaocan/Desktop/gitRepo/sandbox-demo/target/classes:/Users/xiaocan/Desktop/mavenRepo/junit/junit/4.11/junit-4.11.jar:/Users/xiaocan/Desktop/mavenRepo/org/hamcrest/hamcrest-core/1.3/hamcrest-core-1.3.jar:/Users/xiaocan/Desktop/mavenRepo/com/alibaba/jvm/sandbox/sandbox-api/1.2.2/sandbox-api-1.2.2.jar:/Users/xiaocan/Desktop/mavenRepo/com/alibaba/jvm/sandbox/sandbox-common-api/1.2.2/sandbox-common-api-1.2.2.jar:/Users/xiaocan/Desktop/mavenRepo/javax/annotation/javax.annotation-api/1.2/javax.annotation-api-1.2.jar:/Users/xiaocan/Desktop/mavenRepo/javax/servlet/javax.servlet-api/3.0.1/javax.servlet-api-3.0.1.jar:/Users/xiaocan/Desktop/mavenRepo/org/kohsuke/metainf-services/metainf-services/1.7/metainf-services-1.7.jar:"/>
    <property name="java.vm.vendor" value="Oracle Corporation"/>
    <property name="sun.arch.data.model" value="64"/>
    <property name="java.vendor.url" value="http://java.oracle.com/"/>
    <property name="user.timezone" value=""/>
    <property name="java.vm.specification.version" value="1.8"/>
    <property name="os.name" value="Mac OS X"/>
    <property name="user.country" value="CN"/>
    <property name="sun.java.launcher" value="SUN_STANDARD"/>
    <property name="sun.boot.library.path" value="/Library/Java/JavaVirtualMachines/jdk1.8.0_231.jdk/Contents/Home/jre/lib"/>
    <property name="sun.java.command" value="/Users/xiaocan/Desktop/gitRepo/sandbox-demo/target/surefire/surefirebooter232725743010313366.jar /Users/xiaocan/Desktop/gitRepo/sandbox-demo/target/surefire 2019-12-02T16-33-55_361-jvmRun1 surefire6254112342406114458tmp surefire_08102749463125259637tmp"/>
    <property name="http.nonProxyHosts" value="local„ÄÅ169.254/16|*.local„ÄÅ169.254/16"/>
    <property name="surefire.test.class.path" value="/Users/xiaocan/Desktop/gitRepo/sandbox-demo/target/test-classes:/Users/xiaocan/Desktop/gitRepo/sandbox-demo/target/classes:/Users/xiaocan/Desktop/mavenRepo/junit/junit/4.11/junit-4.11.jar:/Users/xiaocan/Desktop/mavenRepo/org/hamcrest/hamcrest-core/1.3/hamcrest-core-1.3.jar:/Users/xiaocan/Desktop/mavenRepo/com/alibaba/jvm/sandbox/sandbox-api/1.2.2/sandbox-api-1.2.2.jar:/Users/xiaocan/Desktop/mavenRepo/com/alibaba/jvm/sandbox/sandbox-common-api/1.2.2/sandbox-common-api-1.2.2.jar:/Users/xiaocan/Desktop/mavenRepo/javax/annotation/javax.annotation-api/1.2/javax.annotation-api-1.2.jar:/Users/xiaocan/Desktop/mavenRepo/javax/servlet/javax.servlet-api/3.0.1/javax.servlet-api-3.0.1.jar:/Users/xiaocan/Desktop/mavenRepo/org/kohsuke/metainf-services/metainf-services/1.7/metainf-services-1.7.jar:"/>
    <property name="sun.cpu.endian" value="little"/>
    <property name="user.home" value="/Users/xiaocan"/>
    <property name="user.language" value="zh"/>
    <property name="java.specification.vendor" value="Oracle Corporation"/>
    <property name="java.home" value="/Library/Java/JavaVirtualMachines/jdk1.8.0_231.jdk/Contents/Home/jre"/>
    <property name="basedir" value="/Users/xiaocan/Desktop/gitRepo/sandbox-demo"/>
    <property name="file.separator" value="/"/>
    <property name="line.separator" value="&#10;"/>
    <property name="java.vm.specification.vendor" value="Oracle Corporation"/>
    <property name="java.specification.name" value="Java Platform API Specification"/>
    <property name="java.awt.graphicsenv" value="sun.awt.CGraphicsEnvironment"/>
    <property name="surefire.real.class.path" value="/Users/xiaocan/Desktop/gitRepo/sandbox-demo/target/surefire/surefirebooter232725743010313366.jar"/>
    <property name="sun.boot.class.path" value="/Library/Java/JavaVirtualMachines/jdk1.8.0_231.jdk/Contents/Home/jre/lib/resources.jar:/Library/Java/JavaVirtualMachines/jdk1.8.0_231.jdk/Contents/Home/jre/lib/rt.jar:/Library/Java/JavaVirtualMachines/jdk1.8.0_231.jdk/Contents/Home/jre/lib/sunrsasign.jar:/Library/Java/JavaVirtualMachines/jdk1.8.0_231.jdk/Contents/Home/jre/lib/jsse.jar:/Library/Java/JavaVirtualMachines/jdk1.8.0_231.jdk/Contents/Home/jre/lib/jce.jar:/Library/Java/JavaVirtualMachines/jdk1.8.0_231.jdk/Contents/Home/jre/lib/charsets.jar:/Library/Java/JavaVirtualMachines/jdk1.8.0_231.jdk/Contents/Home/jre/lib/jfr.jar:/Library/Java/JavaVirtualMachines/jdk1.8.0_231.jdk/Contents/Home/jre/classes"/>
    <property name="sun.management.compiler" value="HotSpot 64-Bit Tiered Compilers"/>
    <property name="ftp.nonProxyHosts" value="local„ÄÅ169.254/16|*.local„ÄÅ169.254/16"/>
    <property name="java.runtime.version" value="1.8.0_231-b11"/>
    <property name="user.name" value="xiaocan"/>
    <property name="path.separator" value=":"/>
    <property name="os.version" value="10.14.5"/>
    <property name="java.endorsed.dirs" value="/Library/Java/JavaVirtualMachines/jdk1.8.0_231.jdk/Contents/Home/jre/lib/endorsed"/>
    <property name="java.runtime.name" value="Java(TM) SE Runtime Environment"/>
    <property name="file.encoding" value="UTF-8"/>
    <property name="java.vm.name" value="Java HotSpot(TM) 64-Bit Server VM"/>
    <property name="localRepository" value="/Users/xiaocan/Desktop/mavenRepo"/>
    <property name="java.vendor.url.bug" value="http://bugreport.sun.com/bugreport/"/>
    <property name="java.io.tmpdir" value="/var/folders/bh/wfz3k4052b577nlpwxxt50rm0000gn/T/"/>
    <property name="java.version" value="1.8.0_231"/>
    <property name="user.dir" value="/Users/xiaocan/Desktop/gitRepo/sandbox-demo"/>
    <property name="os.arch" value="x86_64"/>
    <property name="java.vm.specification.name" value="Java Virtual Machine Specification"/>
    <property name="java.awt.printerjob" value="sun.lwawt.macosx.CPrinterJob"/>
    <property name="sun.os.patch.level" value="unknown"/>
    <property name="java.library.path" value="/Users/xiaocan/Library/Java/Extensions:/Library/Java/Extensions:/Network/Library/Java/Extensions:/System/Library/Java/Extensions:/usr/lib/java:."/>
    <property name="java.vm.info" value="mixed mode"/>
    <property name="java.vendor" value="Oracle Corporation"/>
    <property name="java.vm.version" value="25.231-b11"/>
    <property name="java.ext.dirs" value="/Users/xiaocan/Library/Java/Extensions:/Library/Java/JavaVirtualMachines/jdk1.8.0_231.jdk/Contents/Home/jre/lib/ext:/Library/Java/Extensions:/Network/Library/Java/Extensions:/System/Library/Java/Extensions:/usr/lib/java"/>
    <property name="sun.io.unicode.encoding" value="UnicodeBig"/>
    <property name="java.class.version" value="52.0"/>
    <property name="socksNonProxyHosts" value="local„ÄÅ169.254/16|*.local„ÄÅ169.254/16"/>
  </properties>
  <testcase name="shouldAnswerWithTrue" classname="com.weibo.medialib.AppTest" time="0.001"/>
</testsuite>